<?xml version="1.0" encoding="UTF-8"?>
<!-- Generated by org.testng.reporters.JUnitReportReporter -->
<testsuite skipped="7" hostname="GDC-NitinTh-LPT" name="UITestCases.TC_HomeScreenUI" tests="8" failures="0" timestamp="14 Feb 2019 08:22:01 GMT" time="30.389" errors="1">
  <testcase name="verify_homepageLogo" time="30.389" classname="UITestCases.TC_HomeScreenUI">
    <error type="org.openqa.selenium.NoSuchElementException" message="An element could not be located on the page using the given search parameters.
For documentation on this error, please visit: https://www.seleniumhq.org/exceptions/no_such_element.html
Build info: version: &#039;3.141.59&#039;, revision: &#039;e82be7d358&#039;, time: &#039;2018-11-14T08:17:03&#039;
System info: host: &#039;GDC-NITINTH-LPT&#039;, ip: &#039;172.16.50.76&#039;, os.name: &#039;Windows 10&#039;, os.arch: &#039;amd64&#039;, os.version: &#039;10.0&#039;, java.version: &#039;1.8.0_191&#039;
Driver info: io.appium.java_client.android.AndroidDriver
Capabilities {appActivity: com.mvvm.ui.splash.ImRideSp..., appPackage: com.activescaler.imride, autoGrantPermissions: true, databaseEnabled: false, desired: {appActivity: com.mvvm.ui.splash.ImRideSp..., appPackage: com.activescaler.imride, autoGrantPermissions: true, deviceName: Nokia 1, platformName: android, platformVersion: 8.1.0, resetKeyboard: true, udid: FRTBD80412020340, unicodeKeyboard: true}, deviceManufacturer: HMD Global, deviceModel: Nokia 1, deviceName: FRTBD80412020340, deviceScreenSize: 480x854, deviceUDID: FRTBD80412020340, javascriptEnabled: true, locationContextEnabled: false, networkConnectionEnabled: true, platform: LINUX, platformName: Android, platformVersion: 8.1.0, resetKeyboard: true, takesScreenshot: true, udid: FRTBD80412020340, unicodeKeyboard: true, warnings: {}, webStorageEnabled: false}
Session ID: 1fc3175c-08dd-4a38-bcfa-4bb057fc8aa9
*** Element info: {Using=id, value=	com.activescaler.imride:id/frag_phone_logo_iv}">
      <![CDATA[org.openqa.selenium.NoSuchElementException: An element could not be located on the page using the given search parameters.
For documentation on this error, please visit: https://www.seleniumhq.org/exceptions/no_such_element.html
Build info: version: '3.141.59', revision: 'e82be7d358', time: '2018-11-14T08:17:03'
System info: host: 'GDC-NITINTH-LPT', ip: '172.16.50.76', os.name: 'Windows 10', os.arch: 'amd64', os.version: '10.0', java.version: '1.8.0_191'
Driver info: io.appium.java_client.android.AndroidDriver
Capabilities {appActivity: com.mvvm.ui.splash.ImRideSp..., appPackage: com.activescaler.imride, autoGrantPermissions: true, databaseEnabled: false, desired: {appActivity: com.mvvm.ui.splash.ImRideSp..., appPackage: com.activescaler.imride, autoGrantPermissions: true, deviceName: Nokia 1, platformName: android, platformVersion: 8.1.0, resetKeyboard: true, udid: FRTBD80412020340, unicodeKeyboard: true}, deviceManufacturer: HMD Global, deviceModel: Nokia 1, deviceName: FRTBD80412020340, deviceScreenSize: 480x854, deviceUDID: FRTBD80412020340, javascriptEnabled: true, locationContextEnabled: false, networkConnectionEnabled: true, platform: LINUX, platformName: Android, platformVersion: 8.1.0, resetKeyboard: true, takesScreenshot: true, udid: FRTBD80412020340, unicodeKeyboard: true, warnings: {}, webStorageEnabled: false}
Session ID: 1fc3175c-08dd-4a38-bcfa-4bb057fc8aa9
*** Element info: {Using=id, value=com.activescaler.imride:id/frag_phone_logo_iv}
at sun.reflect.NativeConstructorAccessorImpl.newInstance0(Native Method)
at sun.reflect.NativeConstructorAccessorImpl.newInstance(Unknown Source)
at sun.reflect.DelegatingConstructorAccessorImpl.newInstance(Unknown Source)
at java.lang.reflect.Constructor.newInstance(Unknown Source)
at org.openqa.selenium.remote.http.W3CHttpResponseCodec.createException(W3CHttpResponseCodec.java:187)
at org.openqa.selenium.remote.http.W3CHttpResponseCodec.decode(W3CHttpResponseCodec.java:122)
at org.openqa.selenium.remote.http.W3CHttpResponseCodec.decode(W3CHttpResponseCodec.java:49)
at org.openqa.selenium.remote.HttpCommandExecutor.execute(HttpCommandExecutor.java:158)
at io.appium.java_client.remote.AppiumCommandExecutor.execute(AppiumCommandExecutor.java:239)
at org.openqa.selenium.remote.RemoteWebDriver.execute(RemoteWebDriver.java:552)
at io.appium.java_client.DefaultGenericMobileDriver.execute(DefaultGenericMobileDriver.java:42)
at io.appium.java_client.AppiumDriver.execute(AppiumDriver.java:1)
at io.appium.java_client.android.AndroidDriver.execute(AndroidDriver.java:1)
at org.openqa.selenium.remote.RemoteWebDriver.findElement(RemoteWebDriver.java:323)
at io.appium.java_client.DefaultGenericMobileDriver.findElement(DefaultGenericMobileDriver.java:62)
at io.appium.java_client.AppiumDriver.findElement(AppiumDriver.java:1)
at io.appium.java_client.android.AndroidDriver.findElement(AndroidDriver.java:1)
at org.openqa.selenium.remote.RemoteWebDriver.findElementById(RemoteWebDriver.java:372)
at io.appium.java_client.DefaultGenericMobileDriver.findElementById(DefaultGenericMobileDriver.java:70)
at io.appium.java_client.AppiumDriver.findElementById(AppiumDriver.java:1)
at io.appium.java_client.android.AndroidDriver.findElementById(AndroidDriver.java:1)
at org.openqa.selenium.By$ById.findElement(By.java:188)
at org.openqa.selenium.remote.RemoteWebDriver.findElement(RemoteWebDriver.java:315)
at io.appium.java_client.DefaultGenericMobileDriver.findElement(DefaultGenericMobileDriver.java:58)
at io.appium.java_client.AppiumDriver.findElement(AppiumDriver.java:1)
at io.appium.java_client.android.AndroidDriver.findElement(AndroidDriver.java:1)
at UITestCases.TC_HomeScreenUI.verify_homepageLogo(TC_HomeScreenUI.java:18)
at sun.reflect.NativeMethodAccessorImpl.invoke0(Native Method)
at sun.reflect.NativeMethodAccessorImpl.invoke(Unknown Source)
at sun.reflect.DelegatingMethodAccessorImpl.invoke(Unknown Source)
at java.lang.reflect.Method.invoke(Unknown Source)
at org.testng.internal.MethodInvocationHelper.invokeMethod(MethodInvocationHelper.java:124)
at org.testng.internal.Invoker.invokeMethod(Invoker.java:580)
at org.testng.internal.Invoker.invokeTestMethod(Invoker.java:716)
at org.testng.internal.Invoker.invokeTestMethods(Invoker.java:988)
at org.testng.internal.TestMethodWorker.invokeTestMethods(TestMethodWorker.java:125)
at org.testng.internal.TestMethodWorker.run(TestMethodWorker.java:109)
at org.testng.TestRunner.privateRun(TestRunner.java:648)
at org.testng.TestRunner.run(TestRunner.java:505)
at org.testng.SuiteRunner.runTest(SuiteRunner.java:455)
at org.testng.SuiteRunner.runSequentially(SuiteRunner.java:450)
at org.testng.SuiteRunner.privateRun(SuiteRunner.java:415)
at org.testng.SuiteRunner.run(SuiteRunner.java:364)
at org.testng.SuiteRunnerWorker.runSuite(SuiteRunnerWorker.java:52)
at org.testng.SuiteRunnerWorker.run(SuiteRunnerWorker.java:84)
at org.testng.TestNG.runSuitesSequentially(TestNG.java:1208)
at org.testng.TestNG.runSuitesLocally(TestNG.java:1137)
at org.testng.TestNG.runSuites(TestNG.java:1049)
at org.testng.TestNG.run(TestNG.java:1017)
at org.testng.remote.AbstractRemoteTestNG.run(AbstractRemoteTestNG.java:114)
at org.testng.remote.RemoteTestNG.initAndRun(RemoteTestNG.java:251)
at org.testng.remote.RemoteTestNG.main(RemoteTestNG.java:77)
]]>
    </error>
  </testcase> <!-- verify_homepageLogo -->
  <testcase name="verify_VerificationCodetext" classname="UITestCases.TC_HomeScreenUI">
    <skipped/>
  </testcase> <!-- verify_VerificationCodetext -->
  <testcase name="verify_WelcomeText" classname="UITestCases.TC_HomeScreenUI">
    <skipped/>
  </testcase> <!-- verify_WelcomeText -->
  <testcase name="verify_Login" classname="UITestCases.TC_HomeScreenUI">
    <skipped/>
  </testcase> <!-- verify_Login -->
  <testcase name="verify_VerificationCodeScreen" classname="UITestCases.TC_HomeScreenUI">
    <skipped/>
  </testcase> <!-- verify_VerificationCodeScreen -->
  <testcase name="verify_VerificationCodeScreenUI" classname="UITestCases.TC_HomeScreenUI">
    <skipped/>
  </testcase> <!-- verify_VerificationCodeScreenUI -->
  <testcase name="verify_homepageButtontext" classname="UITestCases.TC_HomeScreenUI">
    <skipped/>
  </testcase> <!-- verify_homepageButtontext -->
  <testcase name="verify_HomepageText2" classname="UITestCases.TC_HomeScreenUI">
    <skipped/>
  </testcase> <!-- verify_HomepageText2 -->
</testsuite> <!-- UITestCases.TC_HomeScreenUI -->
