<?xml version="1.0" encoding="UTF-8"?>
<!-- Generated by org.testng.reporters.JUnitReportReporter -->
<testsuite skipped="0" hostname="GDC-NitinTh-LPT" name="UITestCases.TC1" tests="2" failures="0" timestamp="12 Feb 2019 07:23:17 GMT" time="22.506" errors="0">
  <testcase name="Verify_Home_Page_Ui" time="16.686" classname="UITestCases.TC1"/>
  <testcase name="OTP_Verification" time="5.820" classname="UITestCases.TC1"/>
</testsuite> <!-- UITestCases.TC1 -->
