<?xml version="1.0" encoding="UTF-8"?>
<!-- Generated by org.testng.reporters.JUnitReportReporter -->
<testsuite skipped="0" hostname="GDC-NitinTh-LPT" name="UITestCases.TC1" tests="2" failures="0" timestamp="23 Jan 2019 12:28:27 GMT" time="13.975" errors="0">
  <testcase name="OTP_Verification" time="0.000" classname="UITestCases.TC1"/>
  <testcase name="Verify_Home_Page_Ui" time="13.975" classname="UITestCases.TC1"/>
</testsuite> <!-- UITestCases.TC1 -->
